2021-03-26 15:47:17.113786: W tensorflow/stream_executor/platform/default/dso_loader.cc:60] Could not load dynamic library 'libcudart.so.11.0'; dlerror: libcudart.so.11.0: cannot open shared object file: No such file or directory; LD_LIBRARY_PATH: /usr/local/hadoop/lib/native:
2021-03-26 15:47:17.113866: I tensorflow/stream_executor/cuda/cudart_stub.cc:29] Ignore above cudart dlerror if you do not have a GPU set up on your machine.
2021-03-26 15:47:34.153927: I tensorflow/compiler/jit/xla_cpu_device.cc:41] Not creating XLA devices, tf_xla_enable_xla_devices not set
2021-03-26 15:47:34.154407: W tensorflow/stream_executor/platform/default/dso_loader.cc:60] Could not load dynamic library 'libcuda.so.1'; dlerror: libcuda.so.1: cannot open shared object file: No such file or directory; LD_LIBRARY_PATH: /usr/local/hadoop/lib/native:
2021-03-26 15:47:34.154427: W tensorflow/stream_executor/cuda/cuda_driver.cc:326] failed call to cuInit: UNKNOWN ERROR (303)
2021-03-26 15:47:34.154464: I tensorflow/stream_executor/cuda/cuda_diagnostics.cc:156] kernel driver does not appear to be running on this host (cedar006.saclay.inria.fr): /proc/driver/nvidia/version does not exist
2021-03-26 15:47:34.160160: I tensorflow/compiler/jit/xla_gpu_device.cc:99] Not creating XLA devices, tf_xla_enable_xla_devices not set
LOADING DICO FINI
1000 edges added on 111397   --------   1 % 
2000 edges added on 111397   --------   2 % 
3000 edges added on 111397   --------   3 % 
4000 edges added on 111397   --------   4 % 
5000 edges added on 111397   --------   4 % 
6000 edges added on 111397   --------   5 % 
7000 edges added on 111397   --------   6 % 
8000 edges added on 111397   --------   7 % 
9000 edges added on 111397   --------   8 % 
10000 edges added on 111397   --------   9 % 
11000 edges added on 111397   --------   10 % 
12000 edges added on 111397   --------   11 % 
13000 edges added on 111397   --------   12 % 
14000 edges added on 111397   --------   13 % 
15000 edges added on 111397   --------   13 % 
16000 edges added on 111397   --------   14 % 
17000 edges added on 111397   --------   15 % 
18000 edges added on 111397   --------   16 % 
19000 edges added on 111397   --------   17 % 
20000 edges added on 111397   --------   18 % 
21000 edges added on 111397   --------   19 % 
22000 edges added on 111397   --------   20 % 
23000 edges added on 111397   --------   21 % 
24000 edges added on 111397   --------   22 % 
25000 edges added on 111397   --------   22 % 
26000 edges added on 111397   --------   23 % 
27000 edges added on 111397   --------   24 % 
28000 edges added on 111397   --------   25 % 
29000 edges added on 111397   --------   26 % 
30000 edges added on 111397   --------   27 % 
31000 edges added on 111397   --------   28 % 
32000 edges added on 111397   --------   29 % 
33000 edges added on 111397   --------   30 % 
34000 edges added on 111397   --------   31 % 
35000 edges added on 111397   --------   31 % 
36000 edges added on 111397   --------   32 % 
37000 edges added on 111397   --------   33 % 
38000 edges added on 111397   --------   34 % 
39000 edges added on 111397   --------   35 % 
40000 edges added on 111397   --------   36 % 
41000 edges added on 111397   --------   37 % 
42000 edges added on 111397   --------   38 % 
43000 edges added on 111397   --------   39 % 
44000 edges added on 111397   --------   39 % 
45000 edges added on 111397   --------   40 % 
46000 edges added on 111397   --------   41 % 
47000 edges added on 111397   --------   42 % 
48000 edges added on 111397   --------   43 % 
49000 edges added on 111397   --------   44 % 
50000 edges added on 111397   --------   45 % 
51000 edges added on 111397   --------   46 % 
52000 edges added on 111397   --------   47 % 
53000 edges added on 111397   --------   48 % 
54000 edges added on 111397   --------   48 % 
55000 edges added on 111397   --------   49 % 
56000 edges added on 111397   --------   50 % 
57000 edges added on 111397   --------   51 % 
58000 edges added on 111397   --------   52 % 
59000 edges added on 111397   --------   53 % 
60000 edges added on 111397   --------   54 % 
61000 edges added on 111397   --------   55 % 
62000 edges added on 111397   --------   56 % 
63000 edges added on 111397   --------   57 % 
64000 edges added on 111397   --------   57 % 
65000 edges added on 111397   --------   58 % 
66000 edges added on 111397   --------   59 % 
67000 edges added on 111397   --------   60 % 
68000 edges added on 111397   --------   61 % 
69000 edges added on 111397   --------   62 % 
70000 edges added on 111397   --------   63 % 
71000 edges added on 111397   --------   64 % 
72000 edges added on 111397   --------   65 % 
73000 edges added on 111397   --------   66 % 
74000 edges added on 111397   --------   66 % 
75000 edges added on 111397   --------   67 % 
76000 edges added on 111397   --------   68 % 
77000 edges added on 111397   --------   69 % 
78000 edges added on 111397   --------   70 % 
79000 edges added on 111397   --------   71 % 
80000 edges added on 111397   --------   72 % 
81000 edges added on 111397   --------   73 % 
82000 edges added on 111397   --------   74 % 
83000 edges added on 111397   --------   75 % 
84000 edges added on 111397   --------   75 % 
85000 edges added on 111397   --------   76 % 
86000 edges added on 111397   --------   77 % 
87000 edges added on 111397   --------   78 % 
88000 edges added on 111397   --------   79 % 
89000 edges added on 111397   --------   80 % 
90000 edges added on 111397   --------   81 % 
91000 edges added on 111397   --------   82 % 
92000 edges added on 111397   --------   83 % 
93000 edges added on 111397   --------   83 % 
94000 edges added on 111397   --------   84 % 
95000 edges added on 111397   --------   85 % 
96000 edges added on 111397   --------   86 % 
97000 edges added on 111397   --------   87 % 
98000 edges added on 111397   --------   88 % 
99000 edges added on 111397   --------   89 % 
100000 edges added on 111397   --------   90 % 
101000 edges added on 111397   --------   91 % 
102000 edges added on 111397   --------   92 % 
103000 edges added on 111397   --------   92 % 
104000 edges added on 111397   --------   93 % 
105000 edges added on 111397   --------   94 % 
106000 edges added on 111397   --------   95 % 
107000 edges added on 111397   --------   96 % 
108000 edges added on 111397   --------   97 % 
109000 edges added on 111397   --------   98 % 
110000 edges added on 111397   --------   99 % 
111000 edges added on 111397   --------   100 % 
0
avant: 7685
apres: 7301
WARNING:tensorflow:No training configuration found in save file, so the model was *not* compiled. Compile it manually.
WARNING:tensorflow:No training configuration found in save file, so the model was *not* compiled. Compile it manually.
EPOCH  0 #################################
/data/projet_citations/sage/edgeMinibatch.py:123: UserWarning: To copy construct from a tensor, it is recommended to use sourceTensor.clone().detach() or sourceTensor.clone().detach().requires_grad_(True), rather than torch.tensor(sourceTensor).
  text_embed = torch.tensor(self.train_edges[i][2])
509
WARNING:tensorflow:Gradients do not exist for variables ['mean_aggregator/bias:0', 'mean_aggregator/weight_g0:0', 'mean_aggregator/weight_g1:0', 'mean_aggregator_1/bias:0', 'mean_aggregator_1/weight_g0:0', 'mean_aggregator_1/weight_g1:0'] when minimizing the loss.
loss: tf.Tensor(1.1357642, shape=(), dtype=float32)
WARNING:tensorflow:Gradients do not exist for variables ['mean_aggregator/bias:0', 'mean_aggregator/weight_g0:0', 'mean_aggregator/weight_g1:0', 'mean_aggregator_1/bias:0', 'mean_aggregator_1/weight_g0:0', 'mean_aggregator_1/weight_g1:0'] when minimizing the loss.
loss: tf.Tensor(1.0532092, shape=(), dtype=float32)
WARNING:tensorflow:Gradients do not exist for variables ['mean_aggregator/bias:0', 'mean_aggregator/weight_g0:0', 'mean_aggregator/weight_g1:0', 'mean_aggregator_1/bias:0', 'mean_aggregator_1/weight_g0:0', 'mean_aggregator_1/weight_g1:0'] when minimizing the loss.
loss: tf.Tensor(0.971169, shape=(), dtype=float32)
WARNING:tensorflow:Gradients do not exist for variables ['mean_aggregator/bias:0', 'mean_aggregator/weight_g0:0', 'mean_aggregator/weight_g1:0', 'mean_aggregator_1/bias:0', 'mean_aggregator_1/weight_g0:0', 'mean_aggregator_1/weight_g1:0'] when minimizing the loss.
loss: tf.Tensor(0.91304433, shape=(), dtype=float32)
WARNING:tensorflow:Gradients do not exist for variables ['mean_aggregator/bias:0', 'mean_aggregator/weight_g0:0', 'mean_aggregator/weight_g1:0', 'mean_aggregator_1/bias:0', 'mean_aggregator_1/weight_g0:0', 'mean_aggregator_1/weight_g1:0'] when minimizing the loss.
loss: tf.Tensor(1.1621057, shape=(), dtype=float32)
WARNING:tensorflow:Gradients do not exist for variables ['mean_aggregator/bias:0', 'mean_aggregator/weight_g0:0', 'mean_aggregator/weight_g1:0', 'mean_aggregator_1/bias:0', 'mean_aggregator_1/weight_g0:0', 'mean_aggregator_1/weight_g1:0'] when minimizing the loss.
loss: tf.Tensor(0.97911066, shape=(), dtype=float32)
WARNING:tensorflow:Gradients do not exist for variables ['mean_aggregator/bias:0', 'mean_aggregator/weight_g0:0', 'mean_aggregator/weight_g1:0', 'mean_aggregator_1/bias:0', 'mean_aggregator_1/weight_g0:0', 'mean_aggregator_1/weight_g1:0'] when minimizing the loss.
loss: tf.Tensor(0.9754496, shape=(), dtype=float32)
WARNING:tensorflow:Gradients do not exist for variables ['mean_aggregator/bias:0', 'mean_aggregator/weight_g0:0', 'mean_aggregator/weight_g1:0', 'mean_aggregator_1/bias:0', 'mean_aggregator_1/weight_g0:0', 'mean_aggregator_1/weight_g1:0'] when minimizing the loss.
loss: tf.Tensor(0.9781151, shape=(), dtype=float32)
WARNING:tensorflow:Gradients do not exist for variables ['mean_aggregator/bias:0', 'mean_aggregator/weight_g0:0', 'mean_aggregator/weight_g1:0', 'mean_aggregator_1/bias:0', 'mean_aggregator_1/weight_g0:0', 'mean_aggregator_1/weight_g1:0'] when minimizing the loss.
loss: tf.Tensor(0.9466024, shape=(), dtype=float32)
WARNING:tensorflow:Gradients do not exist for variables ['mean_aggregator/bias:0', 'mean_aggregator/weight_g0:0', 'mean_aggregator/weight_g1:0', 'mean_aggregator_1/bias:0', 'mean_aggregator_1/weight_g0:0', 'mean_aggregator_1/weight_g1:0'] when minimizing the loss.
loss: tf.Tensor(0.9045562, shape=(), dtype=float32)
WARNING:tensorflow:Gradients do not exist for variables ['mean_aggregator/bias:0', 'mean_aggregator/weight_g0:0', 'mean_aggregator/weight_g1:0', 'mean_aggregator_1/bias:0', 'mean_aggregator_1/weight_g0:0', 'mean_aggregator_1/weight_g1:0'] when minimizing the loss.
loss: tf.Tensor(1.0032144, shape=(), dtype=float32)
WARNING:tensorflow:Gradients do not exist for variables ['mean_aggregator/bias:0', 'mean_aggregator/weight_g0:0', 'mean_aggregator/weight_g1:0', 'mean_aggregator_1/bias:0', 'mean_aggregator_1/weight_g0:0', 'mean_aggregator_1/weight_g1:0'] when minimizing the loss.
loss: tf.Tensor(1.0429916, shape=(), dtype=float32)
WARNING:tensorflow:Gradients do not exist for variables ['mean_aggregator/bias:0', 'mean_aggregator/weight_g0:0', 'mean_aggregator/weight_g1:0', 'mean_aggregator_1/bias:0', 'mean_aggregator_1/weight_g0:0', 'mean_aggregator_1/weight_g1:0'] when minimizing the loss.
loss: tf.Tensor(0.9576626, shape=(), dtype=float32)
WARNING:tensorflow:Gradients do not exist for variables ['mean_aggregator/bias:0', 'mean_aggregator/weight_g0:0', 'mean_aggregator/weight_g1:0', 'mean_aggregator_1/bias:0', 'mean_aggregator_1/weight_g0:0', 'mean_aggregator_1/weight_g1:0'] when minimizing the loss.
loss: tf.Tensor(0.93364125, shape=(), dtype=float32)
WARNING:tensorflow:Gradients do not exist for variables ['mean_aggregator/bias:0', 'mean_aggregator/weight_g0:0', 'mean_aggregator/weight_g1:0', 'mean_aggregator_1/bias:0', 'mean_aggregator_1/weight_g0:0', 'mean_aggregator_1/weight_g1:0'] when minimizing the loss.
loss: tf.Tensor(0.8933482, shape=(), dtype=float32)
WARNING:tensorflow:Gradients do not exist for variables ['mean_aggregator/bias:0', 'mean_aggregator/weight_g0:0', 'mean_aggregator/weight_g1:0', 'mean_aggregator_1/bias:0', 'mean_aggregator_1/weight_g0:0', 'mean_aggregator_1/weight_g1:0'] when minimizing the loss.
loss: tf.Tensor(0.82857424, shape=(), dtype=float32)
WARNING:tensorflow:Gradients do not exist for variables ['mean_aggregator/bias:0', 'mean_aggregator/weight_g0:0', 'mean_aggregator/weight_g1:0', 'mean_aggregator_1/bias:0', 'mean_aggregator_1/weight_g0:0', 'mean_aggregator_1/weight_g1:0'] when minimizing the loss.
loss: tf.Tensor(0.9733223, shape=(), dtype=float32)
WARNING:tensorflow:Gradients do not exist for variables ['mean_aggregator/bias:0', 'mean_aggregator/weight_g0:0', 'mean_aggregator/weight_g1:0', 'mean_aggregator_1/bias:0', 'mean_aggregator_1/weight_g0:0', 'mean_aggregator_1/weight_g1:0'] when minimizing the loss.
loss: tf.Tensor(0.93989706, shape=(), dtype=float32)
WARNING:tensorflow:Gradients do not exist for variables ['mean_aggregator/bias:0', 'mean_aggregator/weight_g0:0', 'mean_aggregator/weight_g1:0', 'mean_aggregator_1/bias:0', 'mean_aggregator_1/weight_g0:0', 'mean_aggregator_1/weight_g1:0'] when minimizing the loss.
loss: tf.Tensor(1.0534773, shape=(), dtype=float32)
WARNING:tensorflow:Gradients do not exist for variables ['mean_aggregator/bias:0', 'mean_aggregator/weight_g0:0', 'mean_aggregator/weight_g1:0', 'mean_aggregator_1/bias:0', 'mean_aggregator_1/weight_g0:0', 'mean_aggregator_1/weight_g1:0'] when minimizing the loss.
loss: tf.Tensor(1.0014734, shape=(), dtype=float32)
WARNING:tensorflow:Gradients do not exist for variables ['mean_aggregator/bias:0', 'mean_aggregator/weight_g0:0', 'mean_aggregator/weight_g1:0', 'mean_aggregator_1/bias:0', 'mean_aggregator_1/weight_g0:0', 'mean_aggregator_1/weight_g1:0'] when minimizing the loss.
loss: tf.Tensor(0.9498616, shape=(), dtype=float32)
WARNING:tensorflow:Gradients do not exist for variables ['mean_aggregator/bias:0', 'mean_aggregator/weight_g0:0', 'mean_aggregator/weight_g1:0', 'mean_aggregator_1/bias:0', 'mean_aggregator_1/weight_g0:0', 'mean_aggregator_1/weight_g1:0'] when minimizing the loss.
loss: tf.Tensor(0.9623209, shape=(), dtype=float32)
WARNING:tensorflow:Gradients do not exist for variables ['mean_aggregator/bias:0', 'mean_aggregator/weight_g0:0', 'mean_aggregator/weight_g1:0', 'mean_aggregator_1/bias:0', 'mean_aggregator_1/weight_g0:0', 'mean_aggregator_1/weight_g1:0'] when minimizing the loss.
loss: tf.Tensor(0.96020967, shape=(), dtype=float32)
WARNING:tensorflow:Gradients do not exist for variables ['mean_aggregator/bias:0', 'mean_aggregator/weight_g0:0', 'mean_aggregator/weight_g1:0', 'mean_aggregator_1/bias:0', 'mean_aggregator_1/weight_g0:0', 'mean_aggregator_1/weight_g1:0'] when minimizing the loss.
loss: tf.Tensor(0.84061575, shape=(), dtype=float32)
WARNING:tensorflow:Gradients do not exist for variables ['mean_aggregator/bias:0', 'mean_aggregator/weight_g0:0', 'mean_aggregator/weight_g1:0', 'mean_aggregator_1/bias:0', 'mean_aggregator_1/weight_g0:0', 'mean_aggregator_1/weight_g1:0'] when minimizing the loss.
loss: tf.Tensor(0.9208461, shape=(), dtype=float32)
WARNING:tensorflow:Gradients do not exist for variables ['mean_aggregator/bias:0', 'mean_aggregator/weight_g0:0', 'mean_aggregator/weight_g1:0', 'mean_aggregator_1/bias:0', 'mean_aggregator_1/weight_g0:0', 'mean_aggregator_1/weight_g1:0'] when minimizing the loss.
loss: tf.Tensor(0.90429884, shape=(), dtype=float32)
WARNING:tensorflow:Gradients do not exist for variables ['mean_aggregator/bias:0', 'mean_aggregator/weight_g0:0', 'mean_aggregator/weight_g1:0', 'mean_aggregator_1/bias:0', 'mean_aggregator_1/weight_g0:0', 'mean_aggregator_1/weight_g1:0'] when minimizing the loss.
loss: tf.Tensor(0.8466736, shape=(), dtype=float32)
WARNING:tensorflow:Gradients do not exist for variables ['mean_aggregator/bias:0', 'mean_aggregator/weight_g0:0', 'mean_aggregator/weight_g1:0', 'mean_aggregator_1/bias:0', 'mean_aggregator_1/weight_g0:0', 'mean_aggregator_1/weight_g1:0'] when minimizing the loss.
loss: tf.Tensor(0.8420719, shape=(), dtype=float32)
WARNING:tensorflow:Gradients do not exist for variables ['mean_aggregator/bias:0', 'mean_aggregator/weight_g0:0', 'mean_aggregator/weight_g1:0', 'mean_aggregator_1/bias:0', 'mean_aggregator_1/weight_g0:0', 'mean_aggregator_1/weight_g1:0'] when minimizing the loss.
loss: tf.Tensor(0.86743325, shape=(), dtype=float32)
WARNING:tensorflow:Gradients do not exist for variables ['mean_aggregator/bias:0', 'mean_aggregator/weight_g0:0', 'mean_aggregator/weight_g1:0', 'mean_aggregator_1/bias:0', 'mean_aggregator_1/weight_g0:0', 'mean_aggregator_1/weight_g1:0'] when minimizing the loss.
loss: tf.Tensor(0.9895124, shape=(), dtype=float32)
WARNING:tensorflow:Gradients do not exist for variables ['mean_aggregator/bias:0', 'mean_aggregator/weight_g0:0', 'mean_aggregator/weight_g1:0', 'mean_aggregator_1/bias:0', 'mean_aggregator_1/weight_g0:0', 'mean_aggregator_1/weight_g1:0'] when minimizing the loss.
loss: tf.Tensor(0.9746585, shape=(), dtype=float32)
WARNING:tensorflow:Gradients do not exist for variables ['mean_aggregator/bias:0', 'mean_aggregator/weight_g0:0', 'mean_aggregator/weight_g1:0', 'mean_aggregator_1/bias:0', 'mean_aggregator_1/weight_g0:0', 'mean_aggregator_1/weight_g1:0'] when minimizing the loss.
loss: tf.Tensor(0.9262652, shape=(), dtype=float32)
WARNING:tensorflow:Gradients do not exist for variables ['mean_aggregator/bias:0', 'mean_aggregator/weight_g0:0', 'mean_aggregator/weight_g1:0', 'mean_aggregator_1/bias:0', 'mean_aggregator_1/weight_g0:0', 'mean_aggregator_1/weight_g1:0'] when minimizing the loss.
loss: tf.Tensor(0.95659375, shape=(), dtype=float32)
WARNING:tensorflow:Gradients do not exist for variables ['mean_aggregator/bias:0', 'mean_aggregator/weight_g0:0', 'mean_aggregator/weight_g1:0', 'mean_aggregator_1/bias:0', 'mean_aggregator_1/weight_g0:0', 'mean_aggregator_1/weight_g1:0'] when minimizing the loss.
loss: tf.Tensor(0.9465853, shape=(), dtype=float32)
WARNING:tensorflow:Gradients do not exist for variables ['mean_aggregator/bias:0', 'mean_aggregator/weight_g0:0', 'mean_aggregator/weight_g1:0', 'mean_aggregator_1/bias:0', 'mean_aggregator_1/weight_g0:0', 'mean_aggregator_1/weight_g1:0'] when minimizing the loss.
loss: tf.Tensor(0.92178446, shape=(), dtype=float32)
WARNING:tensorflow:Gradients do not exist for variables ['mean_aggregator/bias:0', 'mean_aggregator/weight_g0:0', 'mean_aggregator/weight_g1:0', 'mean_aggregator_1/bias:0', 'mean_aggregator_1/weight_g0:0', 'mean_aggregator_1/weight_g1:0'] when minimizing the loss.
loss: tf.Tensor(0.9748006, shape=(), dtype=float32)
WARNING:tensorflow:Gradients do not exist for variables ['mean_aggregator/bias:0', 'mean_aggregator/weight_g0:0', 'mean_aggregator/weight_g1:0', 'mean_aggregator_1/bias:0', 'mean_aggregator_1/weight_g0:0', 'mean_aggregator_1/weight_g1:0'] when minimizing the loss.
loss: tf.Tensor(0.95136106, shape=(), dtype=float32)
WARNING:tensorflow:Gradients do not exist for variables ['mean_aggregator/bias:0', 'mean_aggregator/weight_g0:0', 'mean_aggregator/weight_g1:0', 'mean_aggregator_1/bias:0', 'mean_aggregator_1/weight_g0:0', 'mean_aggregator_1/weight_g1:0'] when minimizing the loss.
loss: tf.Tensor(0.895032, shape=(), dtype=float32)
WARNING:tensorflow:Gradients do not exist for variables ['mean_aggregator/bias:0', 'mean_aggregator/weight_g0:0', 'mean_aggregator/weight_g1:0', 'mean_aggregator_1/bias:0', 'mean_aggregator_1/weight_g0:0', 'mean_aggregator_1/weight_g1:0'] when minimizing the loss.
loss: tf.Tensor(0.9989183, shape=(), dtype=float32)
WARNING:tensorflow:Gradients do not exist for variables ['mean_aggregator/bias:0', 'mean_aggregator/weight_g0:0', 'mean_aggregator/weight_g1:0', 'mean_aggregator_1/bias:0', 'mean_aggregator_1/weight_g0:0', 'mean_aggregator_1/weight_g1:0'] when minimizing the loss.
loss: tf.Tensor(1.0229931, shape=(), dtype=float32)
WARNING:tensorflow:Gradients do not exist for variables ['mean_aggregator/bias:0', 'mean_aggregator/weight_g0:0', 'mean_aggregator/weight_g1:0', 'mean_aggregator_1/bias:0', 'mean_aggregator_1/weight_g0:0', 'mean_aggregator_1/weight_g1:0'] when minimizing the loss.
loss: tf.Tensor(0.94975734, shape=(), dtype=float32)
WARNING:tensorflow:Gradients do not exist for variables ['mean_aggregator/bias:0', 'mean_aggregator/weight_g0:0', 'mean_aggregator/weight_g1:0', 'mean_aggregator_1/bias:0', 'mean_aggregator_1/weight_g0:0', 'mean_aggregator_1/weight_g1:0'] when minimizing the loss.
loss: tf.Tensor(0.98254085, shape=(), dtype=float32)
